0 info it worked if it ends with ok
1 verbose cli [ 'C:\\Program Files\\nodejs\\node.exe',
1 verbose cli   'C:\\Users\\win7\\AppData\\Roaming\\npm\\node_modules\\cnpm\\node_modules\\npm\\bin\\npm-cli.js',
1 verbose cli   '--userconfig=C:\\Users\\win7\\.cnpmrc',
1 verbose cli   '--disturl=https://npm.taobao.org/mirrors/node',
1 verbose cli   '--registry=https://registry.npm.taobao.org',
1 verbose cli   'start' ]
2 info using npm@3.10.10
3 info using node@v8.4.0
4 verbose run-script [ 'prestart', 'start', 'poststart' ]
5 info lifecycle training@1.0.1~prestart: training@1.0.1
6 silly lifecycle training@1.0.1~prestart: no script for prestart, continuing
7 info lifecycle training@1.0.1~start: training@1.0.1
8 verbose lifecycle training@1.0.1~start: unsafe-perm in lifecycle true
9 verbose lifecycle training@1.0.1~start: PATH: C:\Users\win7\AppData\Roaming\npm\node_modules\cnpm\node_modules\npm\bin\node-gyp-bin;C:\Users\win7\Documents\HBuilderProject\chinasoftwork\training\node_modules\.bin;C:\Users\win7\bin;C:\Program Files\Git\mingw64\bin;C:\Program Files\Git\usr\local\bin;C:\Program Files\Git\usr\bin;C:\Program Files\Git\usr\bin;C:\Program Files\Git\mingw64\bin;C:\Program Files\Git\usr\bin;C:\Users\win7\bin;C:\Ruby21-x64\bin;D:\mongodb\bin;C:\Program Files\Git\cmd;C:\Program Files\nodejs;D:\node\node_modules\npm\bin;C:\Users\win7\AppData\Roaming\npm;C:\Program Files\Microsoft VS Code\bin;C:\Program Files\Git\usr\bin\vendor_perl;C:\Program Files\Git\usr\bin\core_perl
10 verbose lifecycle training@1.0.1~start: CWD: C:\Users\win7\Documents\HBuilderProject\chinasoftwork\training
11 silly lifecycle training@1.0.1~start: Args: [ '/d /s /c',
11 silly lifecycle   'npm run clean && npm run start:dll && node webpack.dev.server.js' ]
12 silly lifecycle training@1.0.1~start: Returned: code: 1  signal: null
13 info lifecycle training@1.0.1~start: Failed to exec start script
14 verbose stack Error: training@1.0.1 start: `npm run clean && npm run start:dll && node webpack.dev.server.js`
14 verbose stack Exit status 1
14 verbose stack     at EventEmitter.<anonymous> (C:\Users\win7\AppData\Roaming\npm\node_modules\cnpm\node_modules\npm\lib\utils\lifecycle.js:255:16)
14 verbose stack     at emitTwo (events.js:125:13)
14 verbose stack     at EventEmitter.emit (events.js:213:7)
14 verbose stack     at ChildProcess.<anonymous> (C:\Users\win7\AppData\Roaming\npm\node_modules\cnpm\node_modules\npm\lib\utils\spawn.js:40:14)
14 verbose stack     at emitTwo (events.js:125:13)
14 verbose stack     at ChildProcess.emit (events.js:213:7)
14 verbose stack     at maybeClose (internal/child_process.js:927:16)
14 verbose stack     at Process.ChildProcess._handle.onexit (internal/child_process.js:211:5)
15 verbose pkgid training@1.0.1
16 verbose cwd C:\Users\win7\Documents\HBuilderProject\chinasoftwork\training
17 error Windows_NT 6.1.7601
18 error argv "C:\\Program Files\\nodejs\\node.exe" "C:\\Users\\win7\\AppData\\Roaming\\npm\\node_modules\\cnpm\\node_modules\\npm\\bin\\npm-cli.js" "--userconfig=C:\\Users\\win7\\.cnpmrc" "--disturl=https://npm.taobao.org/mirrors/node" "--registry=https://registry.npm.taobao.org" "start"
19 error node v8.4.0
20 error npm  v3.10.10
21 error code ELIFECYCLE
22 error training@1.0.1 start: `npm run clean && npm run start:dll && node webpack.dev.server.js`
22 error Exit status 1
23 error Failed at the training@1.0.1 start script 'npm run clean && npm run start:dll && node webpack.dev.server.js'.
23 error Make sure you have the latest version of node.js and npm installed.
23 error If you do, this is most likely a problem with the training package,
23 error not with npm itself.
23 error Tell the author that this fails on your system:
23 error     npm run clean && npm run start:dll && node webpack.dev.server.js
23 error You can get information on how to open an issue for this project with:
23 error     npm bugs training
23 error Or if that isn't available, you can get their info via:
23 error     npm owner ls training
23 error There is likely additional logging output above.
24 verbose exit [ 1, true ]
